Copyright 1986-2018 Xilinx, Inc. All Rights Reserved.
-------------------------------------------------------------------------------------------------------------------------------------
| Tool Version     : Vivado v.2018.3 (win64) Build 2405991 Thu Dec  6 23:38:27 MST 2018
| Date             : Wed Aug  5 16:45:47 2020
| Host             : LAPTOP-TEK82PBB running 64-bit major release  (build 9200)
| Command          : report_power -file snake_power_routed.rpt -pb snake_power_summary_routed.pb -rpx snake_power_routed.rpx
| Design           : snake
| Device           : xc7s15ftgb196-1
| Design State     : routed
| Grade            : commercial
| Process          : typical
| Characterization : Production
-------------------------------------------------------------------------------------------------------------------------------------

Power Report

Table of Contents
-----------------
1. Summary
1.1 On-Chip Components
1.2 Power Supply Summary
1.3 Confidence Level
2. Settings
2.1 Environment
2.2 Clock Constraints
3. Detailed Reports
3.1 By Hierarchy

1. Summary
----------

+--------------------------+--------------+
| Total On-Chip Power (W)  | 0.402        |
| Design Power Budget (W)  | Unspecified* |
| Power Budget Margin (W)  | NA           |
| Dynamic (W)              | 0.383        |
| Device Static (W)        | 0.020        |
| Effective TJA (C/W)      | 3.4          |
| Max Ambient (C)          | 83.6         |
| Junction Temperature (C) | 26.4         |
| Confidence Level         | Low          |
| Setting File             | ---          |
| Simulation Activity File | ---          |
| Design Nets Matched      | NA           |
+--------------------------+--------------+
* Specify Design Power Budget using, set_operating_conditions -design_power_budget <value in Watts>


1.1 On-Chip Components
----------------------

+----------------+-----------+----------+-----------+-----------------+
| On-Chip        | Power (W) | Used     | Available | Utilization (%) |
+----------------+-----------+----------+-----------+-----------------+
| Clocks         |     0.004 |       15 |       --- |             --- |
| Slice Logic    |     0.003 |     2402 |       --- |             --- |
|   LUT as Logic |     0.003 |     1093 |      8000 |           13.66 |
|   CARRY4       |    <0.001 |      322 |      2000 |           16.10 |
|   Register     |    <0.001 |      549 |     16000 |            3.43 |
|   Others       |     0.000 |       47 |       --- |             --- |
| Signals        |     0.002 |     1677 |       --- |             --- |
| MMCM           |     0.124 |        1 |         2 |           50.00 |
| PLL            |     0.113 |        1 |         2 |           50.00 |
| I/O            |     0.136 |       15 |       100 |           15.00 |
| Static Power   |     0.020 |          |           |                 |
| Total          |     0.402 |          |           |                 |
+----------------+-----------+----------+-----------+-----------------+


1.2 Power Supply Summary
------------------------

+-----------+-------------+-----------+-------------+------------+
| Source    | Voltage (V) | Total (A) | Dynamic (A) | Static (A) |
+-----------+-------------+-----------+-------------+------------+
| Vccint    |       1.000 |     0.025 |       0.021 |      0.004 |
| Vccaux    |       1.800 |     0.133 |       0.126 |      0.007 |
| Vcco33    |       3.300 |     0.042 |       0.041 |      0.001 |
| Vcco25    |       2.500 |     0.000 |       0.000 |      0.000 |
| Vcco18    |       1.800 |     0.000 |       0.000 |      0.000 |
| Vcco15    |       1.500 |     0.000 |       0.000 |      0.000 |
| Vcco135   |       1.350 |     0.000 |       0.000 |      0.000 |
| Vcco12    |       1.200 |     0.000 |       0.000 |      0.000 |
| Vccaux_io |       1.800 |     0.000 |       0.000 |      0.000 |
| Vccbram   |       1.000 |     0.000 |       0.000 |      0.000 |
| Vccadc    |       1.800 |     0.000 |       0.000 |      0.000 |
+-----------+-------------+-----------+-------------+------------+


1.3 Confidence Level
--------------------

+-----------------------------+------------+--------------------------------------------------------+------------------------------------------------------------------------------------------------------------+
| User Input Data             | Confidence | Details                                                | Action                                                                                                     |
+-----------------------------+------------+--------------------------------------------------------+------------------------------------------------------------------------------------------------------------+
| Design implementation state | High       | Design is routed                                       |                                                                                                            |
| Clock nodes activity        | High       | User specified more than 95% of clocks                 |                                                                                                            |
| I/O nodes activity          | Low        | More than 75% of inputs are missing user specification | Provide missing input activity with simulation results or by editing the "By Resource Type -> I/Os" view   |
| Internal nodes activity     | Medium     | User specified less than 25% of internal nodes         | Provide missing internal nodes activity with simulation results or by editing the "By Resource Type" views |
| Device models               | High       | Device models are Production                           |                                                                                                            |
|                             |            |                                                        |                                                                                                            |
| Overall confidence level    | Low        |                                                        |                                                                                                            |
+-----------------------------+------------+--------------------------------------------------------+------------------------------------------------------------------------------------------------------------+


2. Settings
-----------

2.1 Environment
---------------

+-----------------------+--------------------------+
| Ambient Temp (C)      | 25.0                     |
| ThetaJA (C/W)         | 3.4                      |
| Airflow (LFM)         | 250                      |
| Heat Sink             | medium (Medium Profile)  |
| ThetaSA (C/W)         | 15.4                     |
| Board Selection       | medium (10"x10")         |
| # of Board Layers     | 12to15 (12 to 15 Layers) |
| Board Temperature (C) | 25.0                     |
+-----------------------+--------------------------+


2.2 Clock Constraints
---------------------

+----------------------+---------------------------------------------+-----------------+
| Clock                | Domain                                      | Constraint (ns) |
+----------------------+---------------------------------------------+-----------------+
| CLKFBIN              | rgb/U0/ClockGenInternal.ClockGenX/CLKFBIN   |            13.5 |
| CLKFBIN_1            | rgb/U0/ClockGenInternal.ClockGenX/CLKFBIN   |            13.5 |
| PixelClkIO           | rgb/U0/ClockGenInternal.ClockGenX/PixelClk  |            13.5 |
| PixelClkIO_1         | rgb/U0/ClockGenInternal.ClockGenX/PixelClk  |            13.5 |
| SerialClkIO          | rgb/U0/ClockGenInternal.ClockGenX/SerialClk |             2.7 |
| SerialClkIO_1        | rgb/U0/ClockGenInternal.ClockGenX/SerialClk |             2.7 |
| clk                  | clk                                         |            10.0 |
| clk_out1_clk_wiz_0   | clk_wiz/inst/clk_out1_clk_wiz_0             |            13.5 |
| clk_out1_clk_wiz_0_1 | clk_wiz/inst/clk_out1_clk_wiz_0             |            13.5 |
| clkfbout_clk_wiz_0   | clk_wiz/inst/clkfbout_clk_wiz_0             |            60.0 |
| clkfbout_clk_wiz_0_1 | clk_wiz/inst/clkfbout_clk_wiz_0             |            60.0 |
| sys_clk_pin          | clk                                         |            10.0 |
+----------------------+---------------------------------------------+-----------------+


3. Detailed Reports
-------------------

3.1 By Hierarchy
----------------

+--------------------------------------+-----------+
| Name                                 | Power (W) |
+--------------------------------------+-----------+
| snake                                |     0.383 |
|   U2                                 |     0.003 |
|   clk_wiz                            |     0.124 |
|     inst                             |     0.124 |
|   inst                               |     0.002 |
|     inst                             |     0.002 |
|   rgb                                |     0.253 |
|     U0                               |     0.253 |
|       ClockGenInternal.ClockGenX     |     0.114 |
|       ClockSerializer                |     0.033 |
|       DataEncoders[0].DataSerializer |     0.035 |
|       DataEncoders[1].DataSerializer |     0.035 |
|       DataEncoders[2].DataSerializer |     0.035 |
+--------------------------------------+-----------+


